Построение начато 29.10.2022 16:07:22.
     1>Проект "F:\Вартанов Алексей 21ВВ1\2 курс\отчёты\Алгоритмы и т.д\сдавать!\3 lab для сдачи\lab 3.1(приоритет)\3.2\3.2.vcxproj" в узле 2 (целевые объекты build).
     1>InitializeBuildStatus:
         Создание "Debug\3.2.unsuccessfulbuild", так как было задано "AlwaysCreate".
       ClCompile:
         C:\Program Files (x86)\Microsoft Visual Studio 10.0\VC\bin\CL.exe /c /ZI /nologo /W3 /WX- /Od /Oy- /D WIN32 /D _DEBUG /D _CONSOLE /D _UNICODE /D UNICODE /Gm /EHsc /RTC1 /MDd /GS /fp:precise /Zc:wchar_t /Zc:forScope /Fo"Debug\\" /Fd"Debug\vc100.pdb" /Gd /TP /analyze- /errorReport:prompt main.cpp
         main.cpp
     1>f:\вартанов алексей 21вв1\2 курс\отчёты\алгоритмы и т.д\сдавать!\3 lab для сдачи\lab 3.1(приоритет)\3.2\main.cpp(50): warning C4996: 'scanf': This function or variable may be unsafe. Consider using scanf_s instead. To disable deprecation, use _CRT_SECURE_NO_WARNINGS. See online help for details.
                 c:\program files (x86)\microsoft visual studio 10.0\vc\include\stdio.h(304): см. объявление "scanf"
     1>f:\вартанов алексей 21вв1\2 курс\отчёты\алгоритмы и т.д\сдавать!\3 lab для сдачи\lab 3.1(приоритет)\3.2\main.cpp(56): warning C4996: 'strcpy': This function or variable may be unsafe. Consider using strcpy_s instead. To disable deprecation, use _CRT_SECURE_NO_WARNINGS. See online help for details.
                 c:\program files (x86)\microsoft visual studio 10.0\vc\include\string.h(105): см. объявление "strcpy"
     1>f:\вартанов алексей 21вв1\2 курс\отчёты\алгоритмы и т.д\сдавать!\3 lab для сдачи\lab 3.1(приоритет)\3.2\main.cpp(89): warning C4996: 'scanf': This function or variable may be unsafe. Consider using scanf_s instead. To disable deprecation, use _CRT_SECURE_NO_WARNINGS. See online help for details.
                 c:\program files (x86)\microsoft visual studio 10.0\vc\include\stdio.h(304): см. объявление "scanf"
     1>f:\вартанов алексей 21вв1\2 курс\отчёты\алгоритмы и т.д\сдавать!\3 lab для сдачи\lab 3.1(приоритет)\3.2\main.cpp(112): warning C4996: 'scanf': This function or variable may be unsafe. Consider using scanf_s instead. To disable deprecation, use _CRT_SECURE_NO_WARNINGS. See online help for details.
                 c:\program files (x86)\microsoft visual studio 10.0\vc\include\stdio.h(304): см. объявление "scanf"
     1>f:\вартанов алексей 21вв1\2 курс\отчёты\алгоритмы и т.д\сдавать!\3 lab для сдачи\lab 3.1(приоритет)\3.2\main.cpp(173): warning C4101: prev: неиспользованная локальная переменная
       Link:
         C:\Program Files (x86)\Microsoft Visual Studio 10.0\VC\bin\link.exe /ERRORREPORT:PROMPT /OUT:"F:\Вартанов Алексей 21ВВ1\2 курс\отчёты\Алгоритмы и т.д\сдавать!\3 lab для сдачи\lab 3.1(приоритет)\Debug\3.2.exe" /INCREMENTAL:NO /NOLOGO kernel32.lib user32.lib gdi32.lib winspool.lib comdlg32.lib advapi32.lib shell32.lib ole32.lib oleaut32.lib uuid.lib odbc32.lib odbccp32.lib /MANIFEST /ManifestFile:"Debug\3.2.exe.intermediate.manifest" /MANIFESTUAC:"level='asInvoker' uiAccess='false'" /DEBUG /PDB:"F:\Вартанов Алексей 21ВВ1\2 курс\отчёты\Алгоритмы и т.д\сдавать!\3 lab для сдачи\lab 3.1(приоритет)\Debug\3.2.pdb" /SUBSYSTEM:CONSOLE /TLBID:1 /DYNAMICBASE /NXCOMPAT /IMPLIB:"F:\Вартанов Алексей 21ВВ1\2 курс\отчёты\Алгоритмы и т.д\сдавать!\3 lab для сдачи\lab 3.1(приоритет)\Debug\3.2.lib" /MACHINE:X86 Debug\main.obj
     1>main.obj : warning LNK4075: не учитывается "/EDITANDCONTINUE" из-за спецификации "/INCREMENTAL:NO"
         3.2.vcxproj -> F:\Вартанов Алексей 21ВВ1\2 курс\отчёты\Алгоритмы и т.д\сдавать!\3 lab для сдачи\lab 3.1(приоритет)\Debug\3.2.exe
       Manifest:
         C:\Program Files (x86)\Microsoft SDKs\Windows\v7.0A\bin\mt.exe /nologo /verbose /outputresource:"F:\Вартанов Алексей 21ВВ1\2 курс\отчёты\Алгоритмы и т.д\сдавать!\3 lab для сдачи\lab 3.1(приоритет)\Debug\3.2.exe;#1" /manifest Debug\3.2.exe.intermediate.manifest
       FinalizeBuildStatus:
         Файл "Debug\3.2.unsuccessfulbuild" удаляется.
         Обращение к "Debug\3.2.lastbuildstate".
     1>Построение проекта "F:\Вартанов Алексей 21ВВ1\2 курс\отчёты\Алгоритмы и т.д\сдавать!\3 lab для сдачи\lab 3.1(приоритет)\3.2\3.2.vcxproj" завершено (целевые объекты build).

Построение успешно завершено.

Затраченное время: 00:00:01.14
